SchoolApp/build/outputs/logs/manifest-merger-debug-report.txt
-- Merging decision tree log ---
manifest
ADDED from src/main/AndroidManifest.xml:2:1-566:12
	package
		ADDED from src/main/AndroidManifest.xml:3:5-35
		INJECTED from src/main/AndroidManifest.xml
		INJECTED from src/main/AndroidManifest.xml
	android:versionName
		ADDED from src/main/AndroidManifest.xml:5:5-32
		INJECTED from src/main/AndroidManifest.xml
		INJECTED from src/main/AndroidManifest.xml
	xmlns:tools
		ADDED from src/main/AndroidManifest.xml:6:5-51
	android:versionCode
		ADDED from src/main/AndroidManifest.xml:4:5-28
		INJECTED from src/main/AndroidManifest.xml
		INJECTED from src/main/AndroidManifest.xml
	xmlns:android
		ADDED from src/main/AndroidManifest.xml:2:11-69
uses-sdk
ADDED from src/main/AndroidManifest.xml:8:5-10:41
MERGED from [ShxBox:ZProgressHUD:unspecified] AndroidManifest.xml:7:5-9:41
MERGED from [com.android.support:design:23.4.0] AndroidManifest.xml:20:5-43
MERGED from [com.android.support:recyclerview-v7:23.4.0] AndroidManifest.xml:20:5-43
MERGED from [com.android.support:appcompat-v7:23.4.0] AndroidManifest.xml:21:5-23:78
MERGED from [com.android.support:animated-vector-drawable:23.4.0] AndroidManifest.xml:5:5-44
MERGED from [com.android.support:support-vector-drawable:23.4.0] AndroidManifest.xml:5:5-43
MERGED from [com.android.support:support-v4:23.4.0] AndroidManifest.xml:20:5-43
	tools:overrideLibrary
		ADDED from [com.android.support:appcompat-v7:23.4.0] AndroidManifest.xml:23:9-75
	android:targetSdkVersion
		ADDED from src/main/AndroidManifest.xml:10:9-38
		INJECTED from src/main/AndroidManifest.xml
		INJECTED from src/main/AndroidManifest.xml
	android:minSdkVersion
		ADDED from src/main/AndroidManifest.xml:9:9-35
		INJECTED from src/main/AndroidManifest.xml
		INJECTED from src/main/AndroidManifest.xml
permission#com.school.schoolapp.permission.JPUSH_MESSAGE
ADDED from src/main/AndroidManifest.xml:12:5-14:47
	android:protectionLevel
		ADDED from src/main/AndroidManifest.xml:14:9-44
	android:name
		ADDED from src/main/AndroidManifest.xml:13:9-69
uses-permission#com.school.schoolapp.permission.JPUSH_MESSAGE
ADDED from src/main/AndroidManifest.xml:17:5-85
	android:name
		ADDED from src/main/AndroidManifest.xml:17:22-82
uses-permission#android.permission.ACCESS_COARSE_LOCATION
ADDED from src/main/AndroidManifest.xml:18:5-81
	android:name
		ADDED from src/main/AndroidManifest.xml:18:22-78
uses-permission#android.permission.ACCESS_FINE_LOCATION
ADDED from src/main/AndroidManifest.xml:19:5-79
	android:name
		ADDED from src/main/AndroidManifest.xml:19:22-76
uses-permission#android.permission.ACCESS_LOCATION_EXTRA_COMMANDS
ADDED from src/main/AndroidManifest.xml:20:5-89
	android:name
		ADDED from src/main/AndroidManifest.xml:20:22-86
uses-permission#android.permission.ACCESS_NETWORK_STATE
ADDED from src/main/AndroidManifest.xml:21:5-79
	android:name
		ADDED from src/main/AndroidManifest.xml:21:22-76
uses-permission#android.permission.ACCESS_WIFI_STATE
ADDED from src/main/AndroidManifest.xml:22:5-76
	android:name
		ADDED from src/main/AndroidManifest.xml:22:22-73
uses-permission#android.permission.CAMERA
ADDED from src/main/AndroidManifest.xml:24:5-65
	android:name
		ADDED from src/main/AndroidManifest.xml:24:22-62
uses-permission#android.permission.CALL_PHONE
ADDED from src/main/AndroidManifest.xml:25:5-69
	android:name
		ADDED from src/main/AndroidManifest.xml:25:22-66
uses-permission#android.permission.CHANGE_NETWORK_STATE
ADDED from src/main/AndroidManifest.xml:26:5-79
	android:name
		ADDED from src/main/AndroidManifest.xml:26:22-76
uses-permission#android.permission.CHANGE_WIFI_STATE
ADDED from src/main/AndroidManifest.xml:27:5-76
	android:name
		ADDED from src/main/AndroidManifest.xml:27:22-73
uses-permission#android.permission.GET_TASKS
ADDED from src/main/AndroidManifest.xml:28:5-68
	android:name
		ADDED from src/main/AndroidManifest.xml:28:22-65
uses-permission#android.permission.INTERNET
ADDED from src/main/AndroidManifest.xml:29:5-67
	android:name
		ADDED from src/main/AndroidManifest.xml:29:22-64
uses-permission#android.permission.KILL_BACKGROUND_PROCESSES
ADDED from src/main/AndroidManifest.xml:30:5-84
	android:name
		ADDED from src/main/AndroidManifest.xml:30:22-81
uses-permission#android.permission.MOUNT_UNMOUNT_FILESYSTEMS
ADDED from src/main/AndroidManifest.xml:31:5-84
	android:name
		ADDED from src/main/AndroidManifest.xml:31:22-81
uses-permission#android.permission.MODIFY_AUDIO_SETTINGS
ADDED from src/main/AndroidManifest.xml:32:5-80
	android:name
		ADDED from src/main/AndroidManifest.xml:32:22-77
uses-permission#android.permission.RECEIVE_USER_PRESENT
ADDED from src/main/AndroidManifest.xml:33:5-79
	android:name
		ADDED from src/main/AndroidManifest.xml:33:22-76
uses-permission#android.permission.RECEIVE_BOOT_COMPLETED
ADDED from src/main/AndroidManifest.xml:34:5-81
	android:name
		ADDED from src/main/AndroidManifest.xml:34:22-78
uses-permission#android.permission.RECORD_AUDIO
ADDED from src/main/AndroidManifest.xml:35:5-71
	android:name
		ADDED from src/main/AndroidManifest.xml:35:22-68
uses-permission#android.permission.READ_PHONE_STATE
ADDED from src/main/AndroidManifest.xml:36:5-75
	android:name
		ADDED from src/main/AndroidManifest.xml:36:22-72
uses-permission#android.permission.READ_EXTERNAL_STORAGE
ADDED from src/main/AndroidManifest.xml:37:5-80
	android:name
		ADDED from src/main/AndroidManifest.xml:37:22-77
uses-permission#android.permission.RESTART_PACKAGES
ADDED from src/main/AndroidManifest.xml:38:5-75
	android:name
		ADDED from src/main/AndroidManifest.xml:38:22-72
uses-permission#android.permission.SYSTEM_ALERT_WINDOW
ADDED from src/main/AndroidManifest.xml:39:5-78
	android:name
		ADDED from src/main/AndroidManifest.xml:39:22-75
uses-permission#android.permission.VIBRATE
ADDED from src/main/AndroidManifest.xml:40:5-66
	android:name
		ADDED from src/main/AndroidManifest.xml:40:22-63
uses-permission#android.permission.WAKE_LOCK
ADDED from src/main/AndroidManifest.xml:41:5-68
	android:name
		ADDED from src/main/AndroidManifest.xml:41:22-65
uses-permission#android.permission.WRITE_EXTERNAL_STORAGE
ADDED from src/main/AndroidManifest.xml:42:5-81
	android:name
		ADDED from src/main/AndroidManifest.xml:42:22-78
uses-permission#android.permission.WRITE_SETTINGS
ADDED from src/main/AndroidManifest.xml:43:5-73
	android:name
		ADDED from src/main/AndroidManifest.xml:43:22-70
application
ADDED from src/main/AndroidManifest.xml:46:5-564:19
MERGED from [ShxBox:ZProgressHUD:unspecified] AndroidManifest.xml:11:5-16:19
MERGED from [com.android.support:design:23.4.0] AndroidManifest.xml:22:5-20
MERGED from [com.android.support:appcompat-v7:23.4.0] AndroidManifest.xml:25:5-20
MERGED from [com.android.support:animated-vector-drawable:23.4.0] AndroidManifest.xml:7:5-20
MERGED from [com.android.support:support-vector-drawable:23.4.0] AndroidManifest.xml:7:5-20
MERGED from [com.android.support:support-v4:23.4.0] AndroidManifest.xml:22:5-20
	android:label
		ADDED from src/main/AndroidManifest.xml:49:9-41
	android:allowBackup
		ADDED from src/main/AndroidManifest.xml:47:9-35
	android:icon
		ADDED from src/main/AndroidManifest.xml:48:9-43
		REJECTED from [ShxBox:ZProgressHUD:unspecified] AndroidManifest.xml:13:9-45
	android:theme
		ADDED from src/main/AndroidManifest.xml:50:9-52
		REJECTED from [ShxBox:ZProgressHUD:unspecified] AndroidManifest.xml:15:9-40
	tools:replace
		ADDED from src/main/AndroidManifest.xml:51:9-52
service#com.baidu.location.f
ADDED from src/main/AndroidManifest.xml:54:9-58:19
	android:enabled
		ADDED from src/main/AndroidManifest.xml:56:13-35
	android:process
		ADDED from src/main/AndroidManifest.xml:57:13-38
	android:name
		ADDED from src/main/AndroidManifest.xml:55:13-48
meta-data#com.baidu.lbsapi.API_KEY
ADDED from src/main/AndroidManifest.xml:60:9-62:64
	android:value
		ADDED from src/main/AndroidManifest.xml:62:13-61
	android:name
		ADDED from src/main/AndroidManifest.xml:61:13-52
meta-data#EASEMOB_APPKEY
ADDED from src/main/AndroidManifest.xml:66:9-68:59
	android:value
		ADDED from src/main/AndroidManifest.xml:68:13-56
	android:name
		ADDED from src/main/AndroidManifest.xml:67:13-42
service#com.hyphenate.chat.EMChatService
ADDED from src/main/AndroidManifest.xml:71:9-73:39
	android:exported
		ADDED from src/main/AndroidManifest.xml:73:13-36
	android:name
		ADDED from src/main/AndroidManifest.xml:72:13-60
receiver#com.hyphenate.chat.EMMonitorReceiver
ADDED from src/main/AndroidManifest.xml:76:9-87:20
	android:name
		ADDED from src/main/AndroidManifest.xml:76:19-70
intent-filter#android.intent.action.PACKAGE_REMOVED
ADDED from src/main/AndroidManifest.xml:77:13-81:29
action#android.intent.action.PACKAGE_REMOVED
ADDED from src/main/AndroidManifest.xml:78:17-80
	android:name
		ADDED from src/main/AndroidManifest.xml:78:25-77
data
ADDED from src/main/AndroidManifest.xml:80:17-50
	android:scheme
		ADDED from src/main/AndroidManifest.xml:80:23-47
intent-filter#android.intent.action.BOOT_COMPLETED+android.intent.action.USER_PRESENT
ADDED from src/main/AndroidManifest.xml:83:13-86:29
action#android.intent.action.BOOT_COMPLETED
ADDED from src/main/AndroidManifest.xml:84:17-79
	android:name
		ADDED from src/main/AndroidManifest.xml:84:25-76
action#android.intent.action.USER_PRESENT
ADDED from src/main/AndroidManifest.xml:85:17-77
	android:name
		ADDED from src/main/AndroidManifest.xml:85:25-74
activity#cn.jpush.android.ui.PopWinActivity
ADDED from src/main/AndroidManifest.xml:90:9-94:20
	android:exported
		ADDED from src/main/AndroidManifest.xml:92:13-37
	android:theme
		ADDED from src/main/AndroidManifest.xml:93:13-49
	android:name
		ADDED from src/main/AndroidManifest.xml:91:13-62
activity#cn.jpush.android.ui.PushActivity
ADDED from src/main/AndroidManifest.xml:97:9-108:20
	android:exported
		ADDED from src/main/AndroidManifest.xml:100:13-37
	android:configChanges
		ADDED from src/main/AndroidManifest.xml:99:13-63
	android:theme
		ADDED from src/main/AndroidManifest.xml:101:13-60
	android:name
		ADDED from src/main/AndroidManifest.xml:98:13-60
intent-filter#android.intent.category.DEFAULT+cn.jpush.android.ui.PushActivity+com.school.schoolapp
ADDED from src/main/AndroidManifest.xml:102:13-107:29
action#cn.jpush.android.ui.PushActivity
ADDED from src/main/AndroidManifest.xml:103:17-75
	android:name
		ADDED from src/main/AndroidManifest.xml:103:25-72
category#android.intent.category.DEFAULT
ADDED from src/main/AndroidManifest.xml:105:17-76
	android:name
		ADDED from src/main/AndroidManifest.xml:105:27-73
category#com.school.schoolapp
ADDED from src/main/AndroidManifest.xml:106:17-65
	android:name
		ADDED from src/main/AndroidManifest.xml:106:27-62
service#cn.jpush.android.service.DownloadService
ADDED from src/main/AndroidManifest.xml:110:9-114:19
	android:enabled
		ADDED from src/main/AndroidManifest.xml:112:13-35
	android:exported
		ADDED from src/main/AndroidManifest.xml:113:13-37
	android:name
		ADDED from src/main/AndroidManifest.xml:111:13-68
service#cn.jpush.android.service.PushService
ADDED from src/main/AndroidManifest.xml:117:9-127:19
	android:enabled
		ADDED from src/main/AndroidManifest.xml:119:13-35
	android:exported
		ADDED from src/main/AndroidManifest.xml:120:13-37
	android:name
		ADDED from src/main/AndroidManifest.xml:118:13-64
intent-filter#cn.jpush.android.intent.PUSH_TIME+cn.jpush.android.intent.PushService+cn.jpush.android.intent.REGISTER+cn.jpush.android.intent.REPORT
ADDED from src/main/AndroidManifest.xml:121:13-126:29
action#cn.jpush.android.intent.REGISTER
ADDED from src/main/AndroidManifest.xml:122:17-75
	android:name
		ADDED from src/main/AndroidManifest.xml:122:25-72
action#cn.jpush.android.intent.REPORT
ADDED from src/main/AndroidManifest.xml:123:17-73
	android:name
		ADDED from src/main/AndroidManifest.xml:123:25-70
action#cn.jpush.android.intent.PushService
ADDED from src/main/AndroidManifest.xml:124:17-78
	android:name
		ADDED from src/main/AndroidManifest.xml:124:25-75
action#cn.jpush.android.intent.PUSH_TIME
ADDED from src/main/AndroidManifest.xml:125:17-76
	android:name
		ADDED from src/main/AndroidManifest.xml:125:25-73
service#cn.jpush.android.service.DaemonService
ADDED from src/main/AndroidManifest.xml:130:9-139:19
	android:enabled
		ADDED from src/main/AndroidManifest.xml:132:13-35
	android:exported
		ADDED from src/main/AndroidManifest.xml:133:13-36
	android:name
		ADDED from src/main/AndroidManifest.xml:131:13-66
intent-filter#cn.jpush.android.intent.DaemonService+com.school.schoolapp
ADDED from src/main/AndroidManifest.xml:134:13-138:29
action#cn.jpush.android.intent.DaemonService
ADDED from src/main/AndroidManifest.xml:135:17-80
	android:name
		ADDED from src/main/AndroidManifest.xml:135:25-77
receiver#cn.jpush.android.service.PushReceiver
ADDED from src/main/AndroidManifest.xml:142:9-161:20
	android:enabled
		ADDED from src/main/AndroidManifest.xml:144:13-35
	android:exported
		ADDED from src/main/AndroidManifest.xml:145:13-37
	android:name
		ADDED from src/main/AndroidManifest.xml:143:13-65
intent-filter#cn.jpush.android.intent.NOTIFICATION_RECEIVED_PROXY+com.school.schoolapp
ADDED from src/main/AndroidManifest.xml:146:13-149:29
	android:priority
		ADDED from src/main/AndroidManifest.xml:146:28-51
action#cn.jpush.android.intent.NOTIFICATION_RECEIVED_PROXY
ADDED from src/main/AndroidManifest.xml:147:17-94
	android:name
		ADDED from src/main/AndroidManifest.xml:147:25-91
intent-filter#android.intent.action.USER_PRESENT+android.net.conn.CONNECTIVITY_CHANGE
ADDED from src/main/AndroidManifest.xml:150:13-153:29
action#android.net.conn.CONNECTIVITY_CHANGE
ADDED from src/main/AndroidManifest.xml:152:17-79
	android:name
		ADDED from src/main/AndroidManifest.xml:152:25-76
intent-filter#android.intent.action.PACKAGE_ADDED+android.intent.action.PACKAGE_REMOVED
ADDED from src/main/AndroidManifest.xml:155:13-160:29
action#android.intent.action.PACKAGE_ADDED
ADDED from src/main/AndroidManifest.xml:156:17-78
	android:name
		ADDED from src/main/AndroidManifest.xml:156:25-75
receiver#cn.jpush.android.service.AlarmReceiver
ADDED from src/main/AndroidManifest.xml:164:9-166:40
	android:exported
		ADDED from src/main/AndroidManifest.xml:166:13-37
	android:name
		ADDED from src/main/AndroidManifest.xml:165:13-66
meta-data#JPUSH_CHANNEL
ADDED from src/main/AndroidManifest.xml:188:9-190:49
	android:value
		ADDED from src/main/AndroidManifest.xml:190:13-46
	android:name
		ADDED from src/main/AndroidManifest.xml:189:13-41
meta-data#JPUSH_APPKEY
ADDED from src/main/AndroidManifest.xml:191:9-193:56
	android:value
		ADDED from src/main/AndroidManifest.xml:193:13-53
	android:name
		ADDED from src/main/AndroidManifest.xml:192:13-40
activity#com.school.schoolapp.wxapi.WXPayEntryActivity
ADDED from src/main/AndroidManifest.xml:194:9-206:20
	android:screenOrientation
		ADDED from src/main/AndroidManifest.xml:198:13-49
	android:launchMode
		ADDED from src/main/AndroidManifest.xml:197:13-43
	android:exported
		ADDED from src/main/AndroidManifest.xml:196:13-36
	android:name
		ADDED from src/main/AndroidManifest.xml:195:13-53
intent-filter#android.intent.action.VIEW+android.intent.category.DEFAULT
ADDED from src/main/AndroidManifest.xml:199:13-205:29
action#android.intent.action.VIEW
ADDED from src/main/AndroidManifest.xml:200:17-69
	android:name
		ADDED from src/main/AndroidManifest.xml:200:25-66
activity#com.school.schoolapp.activity.login.UserLoginActivity
ADDED from src/main/AndroidManifest.xml:207:9-210:20
	android:label
		ADDED from src/main/AndroidManifest.xml:209:13-33
	android:name
		ADDED from src/main/AndroidManifest.xml:208:13-61
activity#com.school.schoolapp.activity.home.HomePageActivity
ADDED from src/main/AndroidManifest.xml:211:9-214:20
	android:label
		ADDED from src/main/AndroidManifest.xml:213:13-61
	android:name
		ADDED from src/main/AndroidManifest.xml:212:13-59
activity#com.school.schoolapp.activity.login.UserRegisterActivity
ADDED from src/main/AndroidManifest.xml:215:9-218:20
	android:label
		ADDED from src/main/AndroidManifest.xml:217:13-65
	android:name
		ADDED from src/main/AndroidManifest.xml:216:13-64
activity#com.school.schoolapp.activity.login.UserFastLoginActivity
ADDED from src/main/AndroidManifest.xml:219:9-224:20
	android:label
		ADDED from src/main/AndroidManifest.xml:221:13-67
	android:windowSoftInputMode
		ADDED from src/main/AndroidManifest.xml:223:13-64
	android:theme
		ADDED from src/main/AndroidManifest.xml:222:13-66
	android:name
		ADDED from src/main/AndroidManifest.xml:220:13-65
activity#com.school.schoolapp.activity.login.UserRecoverdActivity
ADDED from src/main/AndroidManifest.xml:225:9-228:20
	android:label
		ADDED from src/main/AndroidManifest.xml:227:13-65
	android:name
		ADDED from src/main/AndroidManifest.xml:226:13-64
activity#com.school.schoolapp.BaseActivity
ADDED from src/main/AndroidManifest.xml:229:9-232:20
	android:label
		ADDED from src/main/AndroidManifest.xml:231:13-56
	android:name
		ADDED from src/main/AndroidManifest.xml:230:13-41
activity#com.school.schoolapp.activity.mine.MineIntegralActivity
ADDED from src/main/AndroidManifest.xml:233:9-236:20
	android:label
		ADDED from src/main/AndroidManifest.xml:235:13-65
	android:name
		ADDED from src/main/AndroidManifest.xml:234:13-63
activity#com.school.schoolapp.activity.mine.MineCouponActivity
ADDED from src/main/AndroidManifest.xml:237:9-240:20
	android:label
		ADDED from src/main/AndroidManifest.xml:239:13-63
	android:name
		ADDED from src/main/AndroidManifest.xml:238:13-61
activity#com.school.schoolapp.activity.mine.MineInviteActivity
ADDED from src/main/AndroidManifest.xml:241:9-244:20
	android:label
		ADDED from src/main/AndroidManifest.xml:243:13-63
	android:name
		ADDED from src/main/AndroidManifest.xml:242:13-61
activity#com.school.schoolapp.activity.mine.wallet.MineWalletActivity
ADDED from src/main/AndroidManifest.xml:255:9-258:20
	android:label
		ADDED from src/main/AndroidManifest.xml:257:13-63
	android:name
		ADDED from src/main/AndroidManifest.xml:256:13-68
activity#com.school.schoolapp.activity.mine.work.MineWorkActivity
ADDED from src/main/AndroidManifest.xml:259:9-262:20
	android:label
		ADDED from src/main/AndroidManifest.xml:261:13-61
	android:name
		ADDED from src/main/AndroidManifest.xml:260:13-64
activity#com.school.schoolapp.activity.mine.work.MineApplyActivity
ADDED from src/main/AndroidManifest.xml:263:9-266:20
	android:label
		ADDED from src/main/AndroidManifest.xml:265:13-62
	android:name
		ADDED from src/main/AndroidManifest.xml:264:13-65
activity#com.school.schoolapp.activity.mine.work.MineSuccessActivity
ADDED from src/main/AndroidManifest.xml:267:9-270:20
	android:label
		ADDED from src/main/AndroidManifest.xml:269:13-64
	android:name
		ADDED from src/main/AndroidManifest.xml:268:13-67
activity#com.school.schoolapp.activity.mine.workspace.MineWorkspaceMainActivity
ADDED from src/main/AndroidManifest.xml:271:9-274:20
	android:label
		ADDED from src/main/AndroidManifest.xml:273:13-71
	android:name
		ADDED from src/main/AndroidManifest.xml:272:13-78
activity#com.school.schoolapp.activity.mine.workspace.MineWorkspaceActivity
ADDED from src/main/AndroidManifest.xml:275:9-278:20
	android:label
		ADDED from src/main/AndroidManifest.xml:277:13-66
	android:name
		ADDED from src/main/AndroidManifest.xml:276:13-74
activity#com.school.schoolapp.activity.mine.workspace.MineWorkspaceSetupActivity
ADDED from src/main/AndroidManifest.xml:279:9-282:20
	android:label
		ADDED from src/main/AndroidManifest.xml:281:13-72
	android:name
		ADDED from src/main/AndroidManifest.xml:280:13-79
activity#com.school.schoolapp.activity.mine.work.MineCardActivity
ADDED from src/main/AndroidManifest.xml:283:9-286:20
	android:label
		ADDED from src/main/AndroidManifest.xml:285:13-61
	android:name
		ADDED from src/main/AndroidManifest.xml:284:13-64
activity#com.school.schoolapp.activity.mine.work.MineWorkBuildingChooseActivity
ADDED from src/main/AndroidManifest.xml:287:9-290:20
	android:label
		ADDED from src/main/AndroidManifest.xml:289:13-77
	android:name
		ADDED from src/main/AndroidManifest.xml:288:13-78
activity#com.school.schoolapp.activity.mine.workspace.MineWorkspaceGotoWorkActivity
ADDED from src/main/AndroidManifest.xml:291:9-294:20
	android:label
		ADDED from src/main/AndroidManifest.xml:293:13-75
	android:name
		ADDED from src/main/AndroidManifest.xml:292:13-82
activity#com.school.schoolapp.activity.home.HomeMainActivity
ADDED from src/main/AndroidManifest.xml:295:9-298:20
	android:label
		ADDED from src/main/AndroidManifest.xml:297:13-61
	android:name
		ADDED from src/main/AndroidManifest.xml:296:13-59
activity#com.school.schoolapp.BaseFragmentActivity
ADDED from src/main/AndroidManifest.xml:299:9-302:20
	android:label
		ADDED from src/main/AndroidManifest.xml:301:13-65
	android:name
		ADDED from src/main/AndroidManifest.xml:300:13-49
activity#com.school.schoolapp.activity.store.StoreGoodsActivity
ADDED from src/main/AndroidManifest.xml:303:9-307:20
	android:label
		ADDED from src/main/AndroidManifest.xml:305:13-63
	android:theme
		ADDED from src/main/AndroidManifest.xml:306:13-69
	android:name
		ADDED from src/main/AndroidManifest.xml:304:13-62
activity#com.school.schoolapp.activity.store.StoreCreateBillingActivity
ADDED from src/main/AndroidManifest.xml:308:9-311:20
	android:label
		ADDED from src/main/AndroidManifest.xml:310:13-72
	android:name
		ADDED from src/main/AndroidManifest.xml:309:13-70
activity#com.school.schoolapp.activity.store.StoreCartActivity
ADDED from src/main/AndroidManifest.xml:312:9-315:20
	android:label
		ADDED from src/main/AndroidManifest.xml:314:13-62
	android:name
		ADDED from src/main/AndroidManifest.xml:313:13-61
activity#com.school.schoolapp.fragment.billing.MineBillingCustomActivity
ADDED from src/main/AndroidManifest.xml:316:9-319:20
	android:label
		ADDED from src/main/AndroidManifest.xml:318:13-71
	android:name
		ADDED from src/main/AndroidManifest.xml:317:13-71
activity#com.school.schoolapp.activity.mine.workspace.MineWorkspaceReplenishActivity
ADDED from src/main/AndroidManifest.xml:320:9-324:20
	android:label
		ADDED from src/main/AndroidManifest.xml:322:13-76
	android:theme
		ADDED from src/main/AndroidManifest.xml:323:13-69
	android:name
		ADDED from src/main/AndroidManifest.xml:321:13-83
activity#com.school.schoolapp.activity.mine.workspace.MineWorkspaceAddGoodsActivity
ADDED from src/main/AndroidManifest.xml:325:9-329:20
	android:label
		ADDED from src/main/AndroidManifest.xml:327:13-76
	android:theme
		ADDED from src/main/AndroidManifest.xml:328:13-69
	android:name
		ADDED from src/main/AndroidManifest.xml:326:13-82
activity#com.school.schoolapp.activity.mine.wallet.MineWalletRechargeActivity
ADDED from src/main/AndroidManifest.xml:330:9-333:20
	android:label
		ADDED from src/main/AndroidManifest.xml:332:13-72
	android:name
		ADDED from src/main/AndroidManifest.xml:331:13-76
activity#com.school.schoolapp.activity.mine.wallet.MineWalletCashActivity
ADDED from src/main/AndroidManifest.xml:334:9-337:20
	android:label
		ADDED from src/main/AndroidManifest.xml:336:13-68
	android:name
		ADDED from src/main/AndroidManifest.xml:335:13-72
activity#com.school.schoolapp.activity.mine.workspace.MineWorkspaceGoodsManagerActivity
ADDED from src/main/AndroidManifest.xml:338:9-341:20
	android:label
		ADDED from src/main/AndroidManifest.xml:340:13-80
	android:name
		ADDED from src/main/AndroidManifest.xml:339:13-86
activity#com.school.schoolapp.activity.store.StoreGoodsDetailActivity
ADDED from src/main/AndroidManifest.xml:342:9-345:20
	android:label
		ADDED from src/main/AndroidManifest.xml:344:13-70
	android:name
		ADDED from src/main/AndroidManifest.xml:343:13-68
activity#com.school.schoolapp.activity.billing.BillingBusinessActivity
ADDED from src/main/AndroidManifest.xml:346:9-349:20
	android:label
		ADDED from src/main/AndroidManifest.xml:348:13-68
	android:name
		ADDED from src/main/AndroidManifest.xml:347:13-69
activity#com.school.schoolapp.activity.billing.BillingAddressActivity
ADDED from src/main/AndroidManifest.xml:350:9-353:20
	android:label
		ADDED from src/main/AndroidManifest.xml:352:13-67
	android:name
		ADDED from src/main/AndroidManifest.xml:351:13-68
activity#com.school.schoolapp.activity.billing.AddressAddActivity
ADDED from src/main/AndroidManifest.xml:354:9-357:20
	android:label
		ADDED from src/main/AndroidManifest.xml:356:13-63
	android:name
		ADDED from src/main/AndroidManifest.xml:355:13-64
activity#com.school.schoolapp.activity.billing.BillingPayActivity
ADDED from src/main/AndroidManifest.xml:358:9-361:20
	android:label
		ADDED from src/main/AndroidManifest.xml:360:13-63
	android:name
		ADDED from src/main/AndroidManifest.xml:359:13-64
activity#com.school.schoolapp.activity.billing.BillingCustomActivity
ADDED from src/main/AndroidManifest.xml:362:9-365:20
	android:label
		ADDED from src/main/AndroidManifest.xml:364:13-66
	android:name
		ADDED from src/main/AndroidManifest.xml:363:13-67
activity#com.school.schoolapp.activity.billing.AddressEditActivity
ADDED from src/main/AndroidManifest.xml:366:9-369:20
	android:label
		ADDED from src/main/AndroidManifest.xml:368:13-64
	android:name
		ADDED from src/main/AndroidManifest.xml:367:13-65
activity#com.school.schoolapp.activity.login.UserCityActivity
ADDED from src/main/AndroidManifest.xml:370:9-373:20
	android:label
		ADDED from src/main/AndroidManifest.xml:372:13-61
	android:name
		ADDED from src/main/AndroidManifest.xml:371:13-60
activity#com.school.schoolapp.activity.login.UserSchoolActivity
ADDED from src/main/AndroidManifest.xml:374:9-377:20
	android:label
		ADDED from src/main/AndroidManifest.xml:376:13-63
	android:name
		ADDED from src/main/AndroidManifest.xml:375:13-62
activity#com.school.schoolapp.activity.mine.wallet.MineWalletIDManageActivity
ADDED from src/main/AndroidManifest.xml:378:9-381:20
	android:label
		ADDED from src/main/AndroidManifest.xml:380:13-72
	android:name
		ADDED from src/main/AndroidManifest.xml:379:13-76
activity#com.school.schoolapp.activity.mine.workspace.MineWorkspaceBuyselfActivity
ADDED from src/main/AndroidManifest.xml:382:9-386:20
	android:label
		ADDED from src/main/AndroidManifest.xml:384:13-74
	android:theme
		ADDED from src/main/AndroidManifest.xml:385:13-69
	android:name
		ADDED from src/main/AndroidManifest.xml:383:13-81
activity#com.alipay.sdk.app.H5PayActivity
ADDED from src/main/AndroidManifest.xml:388:9-393:20
	android:screenOrientation
		ADDED from src/main/AndroidManifest.xml:392:13-47
	android:exported
		ADDED from src/main/AndroidManifest.xml:391:13-37
	android:configChanges
		ADDED from src/main/AndroidManifest.xml:390:13-74
	android:name
		ADDED from src/main/AndroidManifest.xml:389:13-60
activity#com.alipay.sdk.auth.AuthActivity
ADDED from src/main/AndroidManifest.xml:394:9-399:20
	android:screenOrientation
		ADDED from src/main/AndroidManifest.xml:398:13-47
	android:exported
		ADDED from src/main/AndroidManifest.xml:397:13-37
	android:configChanges
		ADDED from src/main/AndroidManifest.xml:396:13-74
	android:name
		ADDED from src/main/AndroidManifest.xml:395:13-60
activity#com.school.schoolapp.activity.chat.ChatDialogListActivity
ADDED from src/main/AndroidManifest.xml:400:9-403:20
	android:label
		ADDED from src/main/AndroidManifest.xml:402:13-68
	android:name
		ADDED from src/main/AndroidManifest.xml:401:13-65
activity#com.school.schoolapp.activity.chat.ChatDetailActivity
ADDED from src/main/AndroidManifest.xml:404:9-407:20
	android:label
		ADDED from src/main/AndroidManifest.xml:406:13-61
	android:name
		ADDED from src/main/AndroidManifest.xml:405:13-61
activity#com.school.schoolapp.activity.chat.MessageDialogListActivity
ADDED from src/main/AndroidManifest.xml:408:9-411:20
	android:label
		ADDED from src/main/AndroidManifest.xml:410:13-71
	android:name
		ADDED from src/main/AndroidManifest.xml:409:13-68
activity#com.school.schoolapp.activity.chat.MessageDetailActivity
ADDED from src/main/AndroidManifest.xml:412:9-415:20
	android:label
		ADDED from src/main/AndroidManifest.xml:414:13-66
	android:name
		ADDED from src/main/AndroidManifest.xml:413:13-64
activity#com.school.schoolapp.activity.store.StoreGoodsSearchActivity
ADDED from src/main/AndroidManifest.xml:416:9-419:20
	android:label
		ADDED from src/main/AndroidManifest.xml:418:13-70
	android:name
		ADDED from src/main/AndroidManifest.xml:417:13-68
activity#com.school.schoolapp.activity.technical.TechnicalMenuActivity
ADDED from src/main/AndroidManifest.xml:420:9-423:20
	android:label
		ADDED from src/main/AndroidManifest.xml:422:13-66
	android:name
		ADDED from src/main/AndroidManifest.xml:421:13-69
activity#com.school.schoolapp.activity.mine.seller.MineServiceSoldActivity
ADDED from src/main/AndroidManifest.xml:424:9-427:20
	android:label
		ADDED from src/main/AndroidManifest.xml:426:13-69
	android:name
		ADDED from src/main/AndroidManifest.xml:425:13-73
activity#com.school.schoolapp.activity.technical.TechnicalPublishActivity
ADDED from src/main/AndroidManifest.xml:428:9-432:20
	android:label
		ADDED from src/main/AndroidManifest.xml:430:13-69
	android:launchMode
		ADDED from src/main/AndroidManifest.xml:431:13-43
	android:name
		ADDED from src/main/AndroidManifest.xml:429:13-72
activity#com.school.schoolapp.activity.mine.seller.MineServiceMangerActivity
ADDED from src/main/AndroidManifest.xml:433:9-436:20
	android:label
		ADDED from src/main/AndroidManifest.xml:435:13-71
	android:name
		ADDED from src/main/AndroidManifest.xml:434:13-75
activity#com.school.schoolapp.activity.mine.seller.MineCompetitiveActivity
ADDED from src/main/AndroidManifest.xml:437:9-440:20
	android:label
		ADDED from src/main/AndroidManifest.xml:439:13-68
	android:name
		ADDED from src/main/AndroidManifest.xml:438:13-73
activity#com.school.schoolapp.activity.mine.seller.MineServiceBaseActivity
ADDED from src/main/AndroidManifest.xml:441:9-444:20
	android:label
		ADDED from src/main/AndroidManifest.xml:443:13-69
	android:name
		ADDED from src/main/AndroidManifest.xml:442:13-73
activity#com.school.schoolapp.activity.mine.seller.MineSpearActivity
ADDED from src/main/AndroidManifest.xml:445:9-448:20
	android:label